<?xml version="1.0" encoding="UTF-8"?>
<testng-results ignored="0" total="5" passed="5" failed="0" skipped="0">
  <reporter-output>
  </reporter-output>
  <suite started-at="2024-03-14T19:20:05 IST" name="Surefire suite" finished-at="2024-03-14T19:20:11 IST" duration-ms="5700">
    <groups>
    </groups>
    <test started-at="2024-03-14T19:20:05 IST" name="Surefire test" finished-at="2024-03-14T19:20:11 IST" duration-ms="5700">
      <class name="com.spotify.oauth2.tests.PlaylistTests">
        <test-method signature="shouldBeAbleToCreateAPlaylist()[pri:0, instance:com.spotify.oauth2.tests.PlaylistTests@1a0dcaa]" started-at="2024-03-14T19:20:05 IST" name="shouldBeAbleToCreateAPlaylist" finished-at="2024-03-14T19:20:10 IST" duration-ms="4374" status="PASS">
          <reporter-output>
          </reporter-output>
        </test-method> <!-- shouldBeAbleToCreateAPlaylist -->
        <test-method signature="shouldBeAbleToGetAPlaylist()[pri:0, instance:com.spotify.oauth2.tests.PlaylistTests@1a0dcaa]" started-at="2024-03-14T19:20:10 IST" name="shouldBeAbleToGetAPlaylist" finished-at="2024-03-14T19:20:10 IST" duration-ms="389" status="PASS">
          <reporter-output>
          </reporter-output>
        </test-method> <!-- shouldBeAbleToGetAPlaylist -->
        <test-method signature="shouldBeAbleToUpdateAPlaylist()[pri:0, instance:com.spotify.oauth2.tests.PlaylistTests@1a0dcaa]" started-at="2024-03-14T19:20:10 IST" name="shouldBeAbleToUpdateAPlaylist" finished-at="2024-03-14T19:20:10 IST" duration-ms="334" status="PASS">
          <reporter-output>
          </reporter-output>
        </test-method> <!-- shouldBeAbleToUpdateAPlaylist -->
        <test-method signature="shouldNotBeAbleToCreateAPlaylistWithExpiredToken()[pri:0, instance:com.spotify.oauth2.tests.PlaylistTests@1a0dcaa]" started-at="2024-03-14T19:20:10 IST" name="shouldNotBeAbleToCreateAPlaylistWithExpiredToken" finished-at="2024-03-14T19:20:11 IST" duration-ms="273" status="PASS">
          <reporter-output>
          </reporter-output>
        </test-method> <!-- shouldNotBeAbleToCreateAPlaylistWithExpiredToken -->
        <test-method signature="shouldNotBeAbleToCreateAPlaylistWithoutName()[pri:0, instance:com.spotify.oauth2.tests.PlaylistTests@1a0dcaa]" started-at="2024-03-14T19:20:11 IST" name="shouldNotBeAbleToCreateAPlaylistWithoutName" finished-at="2024-03-14T19:20:11 IST" duration-ms="266" status="PASS">
          <reporter-output>
          </reporter-output>
        </test-method> <!-- shouldNotBeAbleToCreateAPlaylistWithoutName -->
      </class> <!-- com.spotify.oauth2.tests.PlaylistTests -->
    </test> <!-- Surefire test -->
  </suite> <!-- Surefire suite -->
</testng-results>
