<?xml version="1.0" encoding="UTF-8"?>
<testng-results ignored="0" total="5" passed="5" failed="0" skipped="0">
  <reporter-output>
  </reporter-output>
  <suite started-at="2024-03-14T19:10:53 IST" name="Default suite" finished-at="2024-03-14T19:10:59 IST" duration-ms="6737">
    <groups>
    </groups>
    <test started-at="2024-03-14T19:10:53 IST" name="Default test" finished-at="2024-03-14T19:10:59 IST" duration-ms="6737">
      <class name="com.spotify.oauth2.tests.PlaylistTests">
        <test-method signature="shouldBeAbleToCreateAPlaylist()[pri:0, instance:com.spotify.oauth2.tests.PlaylistTests@710c2b53]" started-at="2024-03-14T19:10:53 IST" name="shouldBeAbleToCreateAPlaylist" finished-at="2024-03-14T19:10:58 IST" duration-ms="5073" status="PASS">
          <reporter-output>
          </reporter-output>
        </test-method> <!-- shouldBeAbleToCreateAPlaylist -->
        <test-method signature="shouldBeAbleToGetAPlaylist()[pri:0, instance:com.spotify.oauth2.tests.PlaylistTests@710c2b53]" started-at="2024-03-14T19:10:58 IST" name="shouldBeAbleToGetAPlaylist" finished-at="2024-03-14T19:10:58 IST" duration-ms="424" status="PASS">
          <reporter-output>
          </reporter-output>
        </test-method> <!-- shouldBeAbleToGetAPlaylist -->
        <test-method signature="shouldBeAbleToUpdateAPlaylist()[pri:0, instance:com.spotify.oauth2.tests.PlaylistTests@710c2b53]" started-at="2024-03-14T19:10:58 IST" name="shouldBeAbleToUpdateAPlaylist" finished-at="2024-03-14T19:10:59 IST" duration-ms="401" status="PASS">
          <reporter-output>
          </reporter-output>
        </test-method> <!-- shouldBeAbleToUpdateAPlaylist -->
        <test-method signature="shouldNotBeAbleToCreateAPlaylistWithExpiredToken()[pri:0, instance:com.spotify.oauth2.tests.PlaylistTests@710c2b53]" started-at="2024-03-14T19:10:59 IST" name="shouldNotBeAbleToCreateAPlaylistWithExpiredToken" finished-at="2024-03-14T19:10:59 IST" duration-ms="321" status="PASS">
          <reporter-output>
          </reporter-output>
        </test-method> <!-- shouldNotBeAbleToCreateAPlaylistWithExpiredToken -->
        <test-method signature="shouldNotBeAbleToCreateAPlaylistWithoutName()[pri:0, instance:com.spotify.oauth2.tests.PlaylistTests@710c2b53]" started-at="2024-03-14T19:10:59 IST" name="shouldNotBeAbleToCreateAPlaylistWithoutName" finished-at="2024-03-14T19:10:59 IST" duration-ms="329" status="PASS">
          <reporter-output>
          </reporter-output>
        </test-method> <!-- shouldNotBeAbleToCreateAPlaylistWithoutName -->
      </class> <!-- com.spotify.oauth2.tests.PlaylistTests -->
    </test> <!-- Default test -->
  </suite> <!-- Default suite -->
</testng-results>
